<?xml version="1.0" encoding="UTF-8"?>
<!-- Generated by org.testng.reporters.JUnitReportReporter -->
<testsuite skipped="0" hostname="DESKTOP-ADFSGOQ" name="com.nopCommerceAutomation.testcases.LoginPageTest" tests="1" failures="0" timestamp="2020-01-12T09:19:39 CST" time="16.440" errors="0">
  <testcase name="usergotoLoginPage" time="16.440" classname="com.nopCommerceAutomation.testcases.LoginPageTest"/>
  <system-out/>
</testsuite> <!-- com.nopCommerceAutomation.testcases.LoginPageTest -->
