<?xml version="1.0" encoding="UTF-8"?>
<!-- Generated by org.testng.reporters.JUnitReportReporter -->
<testsuite skipped="0" hostname="DESKTOP-ADFSGOQ" name="com.nopCommerceAutomation.testcases.HomePageTest" tests="1" failures="0" timestamp="2020-01-11T14:52:57 CST" time="12.773" errors="0">
  <testcase name="goToWishListPageTest" time="12.773" classname="com.nopCommerceAutomation.testcases.HomePageTest"/>
  <system-out/>
</testsuite> <!-- com.nopCommerceAutomation.testcases.HomePageTest -->
